[2020/05/04 - http-nio-8080-exec-2 - INFO  - root    : correct credentials entered]
[2020/05/04 - http-nio-8080-exec-3 - INFO  - root    : User with given id found]
[2020/05/04 - http-nio-8080-exec-5 - INFO  - root    : no flight found]
[2020/05/04 - http-nio-8080-exec-6 - INFO  - root    : User with given id found]
[2020/05/04 - http-nio-8080-exec-7 - INFO  - root    : User with given id found]
[2020/05/04 - http-nio-8080-exec-9 - INFO  - root    : User with given id found]
[2020/05/04 - http-nio-8080-exec-10 - INFO  - root    : User with given id found]
[2020/05/04 - http-nio-8080-exec-1 - INFO  - root    : User with given id found]
[2020/05/04 - http-nio-8080-exec-3 - INFO  - root    : User with given id found]
[2020/05/04 - http-nio-8080-exec-5 - INFO  - root    : User with given id found]
[2020/05/04 - http-nio-8080-exec-7 - INFO  - root    : User with given id found]
[2020/05/04 - http-nio-8080-exec-9 - INFO  - root    : User with given id found]
[2020/05/04 - http-nio-8080-exec-2 - INFO  - root    : New user account is created successfully]
[2020/05/04 - http-nio-8080-exec-5 - INFO  - root    : correct credentials entered]
[2020/05/04 - http-nio-8080-exec-6 - INFO  - root    : User with given id found]
[2020/05/04 - http-nio-8080-exec-8 - INFO  - root    : All the flight to corresponding routes]
[2020/05/04 - http-nio-8080-exec-9 - INFO  - root    : Flight booked succesfully]
[2020/05/04 - http-nio-8080-exec-10 - INFO  - root    : Ticket List of user]
[2020/05/04 - http-nio-8080-exec-2 - INFO  - root    : User with given id found]
[2020/05/04 - http-nio-8080-exec-3 - INFO  - root    : Ticket List of user]
[2020/05/04 - http-nio-8080-exec-4 - INFO  - root    : User with given id found]
[2020/05/04 - http-nio-8080-exec-6 - INFO  - root    : All the flight to corresponding routes]
[2020/05/04 - http-nio-8080-exec-7 - INFO  - root    : Ticket List of user]
[2020/05/04 - http-nio-8080-exec-10 - INFO  - root    : Cancelled Ticket]
[2020/05/04 - http-nio-8080-exec-1 - INFO  - root    : Cancelled Ticket]
[2020/05/04 - http-nio-8080-exec-3 - INFO  - root    : User with given id found]
[2020/05/04 - http-nio-8080-exec-4 - INFO  - root    : Ticket List of user]
[2020/05/04 - http-nio-8080-exec-5 - INFO  - root    : User with given id found]
[2020/05/04 - http-nio-8080-exec-7 - INFO  - root    : All the flight to corresponding routes]
[2020/05/04 - http-nio-8080-exec-9 - INFO  - root    : User with given id found]
[2020/05/04 - http-nio-8080-exec-1 - INFO  - root    : User with given id found]
